<?xml version="1.0" encoding="UTF-8"?>
<!-- Generated by org.testng.reporters.JUnitReportReporter -->
<testsuite skipped="0" hostname="DESKTOP-TOPJJ38" name="TestNgFiles.Annotations" tests="2" failures="0" timestamp="2020-04-06T05:32:04 PDT" time="0.023" errors="0">
  <testcase name="oprningBrowser" time="0.002" classname="TestNgFiles.Annotations"/>
  <system-out/>
  <testcase name="flightBooking" time="0.021" classname="TestNgFiles.Annotations"/>
  <system-out/>
</testsuite> <!-- TestNgFiles.Annotations -->
