<?xml version="1.0" encoding="UTF-8"?>
<!-- Generated by org.testng.reporters.JUnitReportReporter -->
<testsuite skipped="1" hostname="DESKTOP-TOPJJ38" name="TestNgFiles.AnnotationPriority" tests="4" failures="0" timestamp="2020-04-07T21:21:44 PDT" time="0.021" errors="0">
  <testcase name="openBrowser" time="0.002" classname="TestNgFiles.AnnotationPriority"/>
  <system-out/>
  <testcase name="bookFlight" time="0.002" classname="TestNgFiles.AnnotationPriority"/>
  <system-out/>
  <testcase name="makePayment1" time="0.017" classname="TestNgFiles.AnnotationPriority"/>
  <system-out/>
  <testcase name="makePayment" classname="TestNgFiles.AnnotationPriority">
    <skipped/>
  </testcase> <!-- makePayment -->
  <system-out/>
</testsuite> <!-- TestNgFiles.AnnotationPriority -->
