<?xml version="1.0" encoding="UTF-8"?>
<!-- Generated by org.testng.reporters.JUnitReportReporter -->
<testsuite skipped="0" hostname="DESKTOP-TOPJJ38" name="DataDriven.Common" tests="1" failures="0" timestamp="2020-03-29T00:43:22 PDT" time="8.671" errors="0">
  <testcase name="launchBrowser" time="8.671" classname="DataDriven.Common"/>
  <system-out/>
</testsuite> <!-- DataDriven.Common -->
