<?xml version="1.0" encoding="UTF-8"?>
<!-- Generated by org.testng.reporters.JUnitReportReporter -->
<testsuite skipped="0" hostname="DESKTOP-TOPJJ38" name="TestNgFiles.Groups" tests="2" failures="0" timestamp="2020-03-28T05:12:37 PDT" time="0.012" errors="0">
  <testcase name="P2" time="0.001" classname="TestNgFiles.Groups"/>
  <system-out/>
  <testcase name="P1" time="0.011" classname="TestNgFiles.Groups"/>
  <system-out/>
</testsuite> <!-- TestNgFiles.Groups -->
