<?xml version="1.0" encoding="UTF-8"?>
<!-- Generated by org.testng.reporters.JUnitReportReporter -->
<testsuite skipped="0" hostname="DESKTOP-TOPJJ38" name="Priority.PriorityTest" tests="1" failures="0" timestamp="2020-03-28T03:34:47 PDT" time="0.012" errors="0">
  <testcase name="testpackage" time="0.012" classname="Priority.PriorityTest"/>
  <system-out/>
</testsuite> <!-- Priority.PriorityTest -->
